<?xml version="1.0" encoding="UTF-8"?>
<!-- Generated by org.testng.reporters.JUnitReportReporter -->
<testsuite skipped="0" hostname="DESKTOP-RR053FN" name="test.HandlingNewWindow" tests="1" failures="0" timestamp="2020-02-04T21:20:51 CST" time="22.877" errors="0">
  <testcase name="handling_new_window" time="22.877" classname="test.HandlingNewWindow"/>
</testsuite> <!-- test.HandlingNewWindow -->
