<?xml version="1.0" encoding="UTF-8"?>
<!-- Generated by org.testng.reporters.JUnitReportReporter -->
<testsuite skipped="0" hostname="DESKTOP-RR053FN" name="test.Practice" tests="1" failures="0" timestamp="2020-02-06T12:13:39 CST" time="14.051" errors="0">
  <testcase name="practice" time="14.051" classname="test.Practice"/>
</testsuite> <!-- test.Practice -->
