<?xml version="1.0" encoding="UTF-8"?>
<!-- Generated by org.testng.reporters.JUnitReportReporter -->
<testsuite skipped="0" hostname="DESKTOP-RR053FN" name="test.WindowH" tests="1" failures="0" timestamp="2020-02-05T22:03:11 CST" time="47.427" errors="0">
  <testcase name="launchBrowser" time="47.427" classname="test.WindowH"/>
</testsuite> <!-- test.WindowH -->
