<?xml version="1.0" encoding="UTF-8"?>
<!-- Generated by org.testng.reporters.JUnitReportReporter -->
<testsuite skipped="0" hostname="DESKTOP-RR053FN" name="test.Pract2" tests="1" failures="0" timestamp="2020-02-08T13:34:01 CST" time="18.634" errors="0">
  <testcase name="pract" time="18.634" classname="test.Pract2"/>
</testsuite> <!-- test.Pract2 -->
