<?xml version="1.0" encoding="UTF-8"?>
<!-- Generated by org.testng.reporters.JUnitReportReporter -->
<testsuite skipped="0" hostname="DESKTOP-RR053FN" name="test.Scroll" tests="1" failures="0" timestamp="2020-02-05T00:00:35 CST" time="7.252" errors="0">
  <testcase name="hoover" time="7.252" classname="test.Scroll"/>
</testsuite> <!-- test.Scroll -->
